c:\users\laura\documents\m.a.n.d.a.l.aproject\mandala\mandala\debug\vc140.pdb
c:\users\laura\documents\m.a.n.d.a.l.aproject\mandala\mandala\debug\vc140.idb
c:\users\laura\documents\m.a.n.d.a.l.aproject\mandala\mandala\debug\audiomaster.obj
c:\users\laura\documents\m.a.n.d.a.l.aproject\mandala\mandala\debug\easylog.obj
c:\users\laura\documents\m.a.n.d.a.l.aproject\mandala\mandala\debug\gamecomponent.obj
c:\users\laura\documents\m.a.n.d.a.l.aproject\mandala\mandala\debug\gameentity.obj
c:\users\laura\documents\m.a.n.d.a.l.aproject\mandala\mandala\debug\gamescene.obj
c:\users\laura\documents\m.a.n.d.a.l.aproject\mandala\mandala\debug\main.obj
c:\users\laura\documents\m.a.n.d.a.l.aproject\mandala\mandala\debug\musiccomponent.obj
c:\users\laura\documents\m.a.n.d.a.l.aproject\mandala\mandala\debug\soundeffectcomponent.obj
c:\users\laura\documents\m.a.n.d.a.l.aproject\mandala\debug\mandala.ilk
c:\users\laura\documents\m.a.n.d.a.l.aproject\mandala\debug\mandala.exe
c:\users\laura\documents\m.a.n.d.a.l.aproject\mandala\debug\mandala.pdb
c:\users\laura\documents\m.a.n.d.a.l.aproject\mandala\mandala\debug\mandala.res
c:\users\laura\documents\m.a.n.d.a.l.aproject\mandala\mandala\debug\mandala.tlog\cl.command.1.tlog
c:\users\laura\documents\m.a.n.d.a.l.aproject\mandala\mandala\debug\mandala.tlog\cl.read.1.tlog
c:\users\laura\documents\m.a.n.d.a.l.aproject\mandala\mandala\debug\mandala.tlog\cl.write.1.tlog
c:\users\laura\documents\m.a.n.d.a.l.aproject\mandala\mandala\debug\mandala.tlog\link.command.1.tlog
c:\users\laura\documents\m.a.n.d.a.l.aproject\mandala\mandala\debug\mandala.tlog\link.read.1.tlog
c:\users\laura\documents\m.a.n.d.a.l.aproject\mandala\mandala\debug\mandala.tlog\link.write.1.tlog
c:\users\laura\documents\m.a.n.d.a.l.aproject\mandala\mandala\debug\mandala.tlog\rc.command.1.tlog
c:\users\laura\documents\m.a.n.d.a.l.aproject\mandala\mandala\debug\mandala.tlog\rc.read.1.tlog
c:\users\laura\documents\m.a.n.d.a.l.aproject\mandala\mandala\debug\mandala.tlog\rc.write.1.tlog
